  CHK     include/config/uboot.release
  CHK     include/generated/version_autogenerated.h
  CHK     include/generated/timestamp_autogenerated.h
  UPD     include/generated/timestamp_autogenerated.h
  CHK     include/generated/generic-asm-offsets.h
  CHK     include/generated/asm-offsets.h
  HOSTCC  tools/mkenvimage.o
  HOSTLD  tools/mkenvimage
  HOSTCC  tools/fit_image.o
  HOSTCC  tools/image-host.o
  HOSTCC  tools/dumpimage.o
  HOSTLD  tools/dumpimage
  HOSTCC  tools/mkimage.o
  HOSTLD  tools/mkimage
  CC      cmd/version.o
  LD      cmd/built-in.o
  CC      common/main.o
  CC      common/board_f.o
  LD      common/built-in.o
  CC      drivers/video/cfb_console.o
  LD      drivers/video/built-in.o
  LD      drivers/built-in.o
  CC      lib/efi_loader/helloworld.o
arm-linux-gnueabihf-ld.bfd -nostdlib -znocombreloc -T ./arch/arm/lib/elf_arm_efi.lds -shared -Bsymbolic \
	lib/efi_loader/helloworld.o arch/arm/lib/crt0_arm_efi.o arch/arm/lib/reloc_arm_efi.o arch/arm/lib/elf_arm_efi.lds -o lib/efi_loader/helloworld.so
arm-linux-gnueabihf-objcopy -j .header -j .text -j .sdata -j .data -j .dynamic \
	-j .dynsym  -j .rel* -j .rela* -j .reloc \
	-O binary lib/efi_loader/helloworld.so lib/efi_loader/helloworld.efi
  CC      lib/smbios.o
  CC      lib/display_options.o
  LD      lib/built-in.o
  LD      u-boot
  DTC     arch/arm/dts/sun8i-v3s-licheepi-zero.dtb
arch/arm/dts/sun8i-v3s-licheepi-zero.dtb: Warning (unit_address_vs_reg): Node /soc/pinctrl@01c20800/uart2@0 has a unit name, but no reg property
arch/arm/dts/sun8i-v3s-licheepi-zero.dtb: Warning (unit_address_vs_reg): Node /soc/pinctrl@01c20800/mmc0@0 has a unit name, but no reg property
arch/arm/dts/sun8i-v3s-licheepi-zero.dtb: Warning (unit_address_vs_reg): Node /soc/pinctrl@01c20800/ahci_pwr_pin@0 has a unit name, but no reg property
arch/arm/dts/sun8i-v3s-licheepi-zero.dtb: Warning (unit_address_vs_reg): Node /soc/pinctrl@01c20800/usb0_vbus_pin@0 has a unit name, but no reg property
arch/arm/dts/sun8i-v3s-licheepi-zero.dtb: Warning (unit_address_vs_reg): Node /soc/pinctrl@01c20800/usb1_vbus_pin@0 has a unit name, but no reg property
arch/arm/dts/sun8i-v3s-licheepi-zero.dtb: Warning (unit_address_vs_reg): Node /soc/pinctrl@01c20800/usb2_vbus_pin@0 has a unit name, but no reg property
arch/arm/dts/sun8i-v3s-licheepi-zero.dtb: Warning (simple_bus_reg): Node /soc/mmc@01c0f000 simple-bus unit address format error, expected "1c0f000"
arch/arm/dts/sun8i-v3s-licheepi-zero.dtb: Warning (simple_bus_reg): Node /soc/mmc@01c10000 simple-bus unit address format error, expected "1c10000"
arch/arm/dts/sun8i-v3s-licheepi-zero.dtb: Warning (simple_bus_reg): Node /soc/mmc@01c11000 simple-bus unit address format error, expected "1c11000"
arch/arm/dts/sun8i-v3s-licheepi-zero.dtb: Warning (simple_bus_reg): Node /soc/usb@01c19000 simple-bus unit address format error, expected "1c19000"
arch/arm/dts/sun8i-v3s-licheepi-zero.dtb: Warning (simple_bus_reg): Node /soc/phy@01c19400 simple-bus unit address format error, expected "1c19400"
arch/arm/dts/sun8i-v3s-licheepi-zero.dtb: Warning (simple_bus_reg): Node /soc/clock@01c20000 simple-bus unit address format error, expected "1c20000"
arch/arm/dts/sun8i-v3s-licheepi-zero.dtb: Warning (simple_bus_reg): Node /soc/rtc@01c20400 simple-bus unit address format error, expected "1c20400"
arch/arm/dts/sun8i-v3s-licheepi-zero.dtb: Warning (simple_bus_reg): Node /soc/pinctrl@01c20800 simple-bus unit address format error, expected "1c20800"
arch/arm/dts/sun8i-v3s-licheepi-zero.dtb: Warning (simple_bus_reg): Node /soc/timer@01c20c00 simple-bus unit address format error, expected "1c20c00"
arch/arm/dts/sun8i-v3s-licheepi-zero.dtb: Warning (simple_bus_reg): Node /soc/watchdog@01c20ca0 simple-bus unit address format error, expected "1c20ca0"
arch/arm/dts/sun8i-v3s-licheepi-zero.dtb: Warning (simple_bus_reg): Node /soc/serial@01c28000 simple-bus unit address format error, expected "1c28000"
arch/arm/dts/sun8i-v3s-licheepi-zero.dtb: Warning (simple_bus_reg): Node /soc/serial@01c28400 simple-bus unit address format error, expected "1c28400"
arch/arm/dts/sun8i-v3s-licheepi-zero.dtb: Warning (simple_bus_reg): Node /soc/serial@01c28800 simple-bus unit address format error, expected "1c28800"
arch/arm/dts/sun8i-v3s-licheepi-zero.dtb: Warning (simple_bus_reg): Node /soc/interrupt-controller@01c81000 simple-bus unit address format error, expected "1c81000"
  SHIPPED dts/dt.dtb
  CC      spl/arch/arm/mach-sunxi/board.o
  CC      spl/arch/arm/mach-sunxi/clock.o
  CC      spl/arch/arm/mach-sunxi/cpu_info.o
  CC      spl/arch/arm/mach-sunxi/dram_helpers.o
  CC      spl/arch/arm/mach-sunxi/pinmux.o
  CC      spl/arch/arm/mach-sunxi/usb_phy.o
  CC      spl/arch/arm/mach-sunxi/prcm.o
  CC      spl/arch/arm/mach-sunxi/rsb.o
  CC      spl/arch/arm/mach-sunxi/clock_sun6i.o
  CC      spl/arch/arm/mach-sunxi/dram_sun8i_h3.o
  LD      spl/arch/arm/mach-sunxi/built-in.o
  CC      spl/arch/arm/cpu/armv7/cache_v7.o
  AS      spl/arch/arm/cpu/armv7/cache_v7_asm.o
  CC      spl/arch/arm/cpu/armv7/cpu.o
  CC      spl/arch/arm/cpu/armv7/cp15.o
  CC      spl/arch/arm/cpu/armv7/syslib.o
  AS      spl/arch/arm/cpu/armv7/lowlevel_init.o
  CC      spl/arch/arm/cpu/armv7/sunxi/timer.o
  AS      spl/arch/arm/cpu/armv7/sunxi/fel_utils.o
  LD      spl/arch/arm/cpu/armv7/sunxi/built-in.o
  LD      spl/arch/arm/cpu/armv7/built-in.o
  AS      spl/arch/arm/cpu/armv7/start.o
  LD      spl/arch/arm/cpu/built-in.o
  AS      spl/arch/arm/lib/vectors.o
  AS      spl/arch/arm/lib/crt0.o
  CC      spl/arch/arm/lib/spl.o
  CC      spl/arch/arm/lib/zimage.o
  CC      spl/arch/arm/lib/sections.o
  CC      spl/arch/arm/lib/stack.o
  CC      spl/arch/arm/lib/interrupts.o
  CC      spl/arch/arm/lib/reset.o
  CC      spl/arch/arm/lib/cache.o
  CC      spl/arch/arm/lib/cache-cp15.o
  CC      spl/arch/arm/lib/psci-dt.o
  LD      spl/arch/arm/lib/built-in.o
  AS      spl/arch/arm/lib/ashldi3.o
  AS      spl/arch/arm/lib/ashrdi3.o
  CC      spl/arch/arm/lib/div0.o
  AS      spl/arch/arm/lib/div64.o
  AS      spl/arch/arm/lib/lib1funcs.o
  AS      spl/arch/arm/lib/lshrdi3.o
  AS      spl/arch/arm/lib/muldi3.o
  AS      spl/arch/arm/lib/uldivmod.o
  AR      spl/arch/arm/lib/lib.a
  CC      spl/arch/arm/lib/eabi_compat.o
  AS      spl/arch/arm/lib/crt0_arm_efi.o
  CC      spl/arch/arm/lib/reloc_arm_efi.o
  CC      spl/board/sunxi/board.o
  LD      spl/board/sunxi/built-in.o
  CC      spl/common/spl/spl.o
  CC      spl/common/spl/spl_mmc.o
  LD      spl/common/spl/built-in.o
  CC      spl/common/init/board_init.o
  LD      spl/common/init/built-in.o
  CC      spl/common/env_common.o
  CC      spl/common/console.o
  CC      spl/common/dlmalloc.o
  CC      spl/common/malloc_simple.o
  CC      spl/common/image.o
  CC      spl/common/memsize.o
  CC      spl/common/stdio.o
  CC      spl/common/cli_simple.o
  CC      spl/common/cli.o
  CC      spl/common/cli_readline.o
  CC      spl/common/command.o
  CC      spl/common/s_record.o
  CC      spl/common/xyzModem.o
  LD      spl/common/built-in.o
  CC      spl/cmd/nvedit.o
  LD      spl/cmd/built-in.o
  CC      spl/lib/hashtable.o
  CC      spl/lib/errno.o
  CC      spl/lib/display_options.o
  CC      spl/lib/crc32.o
  CC      spl/lib/ctype.o
  CC      spl/lib/div64.o
  CC      spl/lib/hang.o
  CC      spl/lib/linux_compat.o
  CC      spl/lib/linux_string.o
  CC      spl/lib/membuff.o
  CC      spl/lib/slre.o
  CC      spl/lib/string.o
  CC      spl/lib/tables_csum.o
  CC      spl/lib/time.o
  CC      spl/lib/tiny-printf.o
  CC      spl/lib/panic.o
  CC      spl/lib/strto.o
  LD      spl/lib/built-in.o
  CC      spl/disk/part.o
  LD      spl/disk/built-in.o
  CC      spl/drivers/block/blk_legacy.o
  LD      spl/drivers/block/built-in.o
  CC      spl/drivers/gpio/sunxi_gpio.o
  LD      spl/drivers/gpio/built-in.o
  CC      spl/drivers/mmc/mmc_legacy.o
  CC      spl/drivers/mmc/mmc.o
  CC      spl/drivers/mmc/sunxi_mmc.o
  LD      spl/drivers/mmc/built-in.o
  LD      spl/drivers/power/built-in.o
  LD      spl/drivers/power/pmic/built-in.o
  LD      spl/drivers/power/regulator/built-in.o
  CC      spl/drivers/serial/serial.o
  CC      spl/drivers/serial/serial_ns16550.o
  CC      spl/drivers/serial/ns16550.o
  LD      spl/drivers/serial/built-in.o
  CC      spl/drivers/mtd/spi/sunxi_spi_spl.o
  LD      spl/drivers/built-in.o
  LD      spl/dts/built-in.o
  LD      spl/fs/built-in.o
  LDS     spl/u-boot-spl.lds
  LD      spl/u-boot-spl
  OBJCOPY spl/u-boot-spl-nodtb.bin
  COPY    spl/u-boot-spl.bin
  MKSUNXI spl/sunxi-spl.bin
  OBJCOPY u-boot-nodtb.bin
  CAT     u-boot-dtb.bin
  COPY    u-boot.bin
  MKIMAGE u-boot.img
  COPY    u-boot.dtb
  BINMAN  u-boot-sunxi-with-spl.bin
  OBJCOPY u-boot.srec
  SYM     u-boot.sym
  MKIMAGE u-boot-dtb.img
./scripts/check-config.sh u-boot.cfg \
	./scripts/config_whitelist.txt . 1>&2
